obj\Debug\netstandard2.1\BlazorPeliculasSa.Client.dll
C:\Users\Owner\.nuget\packages\microsoft.aspnetcore.blazor.httpclient\3.2.0-preview3.20168.3\lib\netstandard2.0\Microsoft.AspNetCore.Blazor.HttpClient.dll
C:\Users\Owner\.nuget\packages\system.text.json\5.0.0-preview.2.20160.6\lib\netstandard2.0\System.Text.Json.dll
C:\Users\Owner\.nuget\packages\microsoft.aspnetcore.components.webassembly.runtime\3.2.0-preview3.20168.1\build\netstandard1.0\..\..\tools\dotnetwasm\bcl\System.Runtime.CompilerServices.Unsafe.dll
C:\Users\Owner\.nuget\packages\microsoft.aspnetcore.components.webassembly.runtime\3.2.0-preview3.20168.1\build\netstandard1.0\..\..\tools\dotnetwasm\bcl\mscorlib.dll
C:\Users\Owner\.nuget\packages\microsoft.aspnetcore.components.webassembly.runtime\3.2.0-preview3.20168.1\build\netstandard1.0\..\..\tools\dotnetwasm\bcl\Facades\System.Buffers.dll
C:\Users\Owner\.nuget\packages\microsoft.bcl.asyncinterfaces\1.1.0\lib\netstandard2.1\Microsoft.Bcl.AsyncInterfaces.dll
C:\Users\Owner\.nuget\packages\microsoft.aspnetcore.components.webassembly.runtime\3.2.0-preview3.20168.1\build\netstandard1.0\..\..\tools\dotnetwasm\bcl\Facades\netstandard.dll
C:\Users\Owner\.nuget\packages\microsoft.aspnetcore.components.webassembly.runtime\3.2.0-preview3.20168.1\build\netstandard1.0\..\..\tools\dotnetwasm\bcl\System.Xml.Linq.dll
C:\Users\Owner\.nuget\packages\microsoft.aspnetcore.components.webassembly.runtime\3.2.0-preview3.20168.1\build\netstandard1.0\..\..\tools\dotnetwasm\bcl\System.Core.dll
C:\Users\Owner\.nuget\packages\microsoft.aspnetcore.components.webassembly.runtime\3.2.0-preview3.20168.1\build\netstandard1.0\..\..\tools\dotnetwasm\bcl\System.dll
C:\Users\Owner\.nuget\packages\microsoft.aspnetcore.components.webassembly.runtime\3.2.0-preview3.20168.1\build\netstandard1.0\..\..\tools\dotnetwasm\framework\WebAssembly.Net.WebSockets.dll
C:\Users\Owner\.nuget\packages\microsoft.aspnetcore.components.webassembly.runtime\3.2.0-preview3.20168.1\build\netstandard1.0\..\..\tools\dotnetwasm\bcl\Facades\System.Memory.dll
C:\Users\Owner\.nuget\packages\microsoft.aspnetcore.components.webassembly.runtime\3.2.0-preview3.20168.1\build\netstandard1.0\..\..\tools\dotnetwasm\framework\WebAssembly.Bindings.dll
C:\Users\Owner\.nuget\packages\microsoft.aspnetcore.components.webassembly.runtime\3.2.0-preview3.20168.1\build\netstandard1.0\..\..\tools\dotnetwasm\bcl\System.Numerics.dll
C:\Users\Owner\.nuget\packages\microsoft.aspnetcore.components.webassembly.runtime\3.2.0-preview3.20168.1\build\netstandard1.0\..\..\tools\dotnetwasm\bcl\System.Xml.dll
C:\Users\Owner\.nuget\packages\microsoft.aspnetcore.components.webassembly.runtime\3.2.0-preview3.20168.1\build\netstandard1.0\..\..\tools\dotnetwasm\bcl\Mono.Security.dll
C:\Users\Owner\.nuget\packages\microsoft.aspnetcore.components.webassembly.runtime\3.2.0-preview3.20168.1\build\netstandard1.0\..\..\tools\dotnetwasm\bcl\System.Transactions.dll
C:\Users\Owner\.nuget\packages\microsoft.aspnetcore.components.webassembly.runtime\3.2.0-preview3.20168.1\build\netstandard1.0\..\..\tools\dotnetwasm\bcl\System.Runtime.Serialization.dll
C:\Users\Owner\.nuget\packages\microsoft.aspnetcore.components.webassembly.runtime\3.2.0-preview3.20168.1\build\netstandard1.0\..\..\tools\dotnetwasm\bcl\System.ServiceModel.Internals.dll
C:\Users\Owner\.nuget\packages\microsoft.aspnetcore.components.webassembly.runtime\3.2.0-preview3.20168.1\build\netstandard1.0\..\..\tools\dotnetwasm\bcl\System.Net.Http.dll
C:\Users\Owner\.nuget\packages\microsoft.aspnetcore.components.webassembly.runtime\3.2.0-preview3.20168.1\build\netstandard1.0\..\..\tools\dotnetwasm\framework\WebAssembly.Net.Http.dll
C:\Users\Owner\.nuget\packages\microsoft.aspnetcore.components.webassembly.runtime\3.2.0-preview3.20168.1\build\netstandard1.0\..\..\tools\dotnetwasm\bcl\System.ComponentModel.Composition.dll
C:\Users\Owner\.nuget\packages\microsoft.aspnetcore.components.webassembly.runtime\3.2.0-preview3.20168.1\build\netstandard1.0\..\..\tools\dotnetwasm\bcl\System.IO.Compression.FileSystem.dll
C:\Users\Owner\.nuget\packages\microsoft.aspnetcore.components.webassembly.runtime\3.2.0-preview3.20168.1\build\netstandard1.0\..\..\tools\dotnetwasm\bcl\System.IO.Compression.dll
C:\Users\Owner\.nuget\packages\microsoft.aspnetcore.components.webassembly.runtime\3.2.0-preview3.20168.1\build\netstandard1.0\..\..\tools\dotnetwasm\bcl\Facades\System.Drawing.Common.dll
C:\Users\Owner\.nuget\packages\microsoft.aspnetcore.components.webassembly.runtime\3.2.0-preview3.20168.1\build\netstandard1.0\..\..\tools\dotnetwasm\bcl\System.Data.DataSetExtensions.dll
C:\Users\Owner\.nuget\packages\microsoft.aspnetcore.components.webassembly.runtime\3.2.0-preview3.20168.1\build\netstandard1.0\..\..\tools\dotnetwasm\bcl\System.Data.dll
C:\Users\Owner\.nuget\packages\microsoft.aspnetcore.components.webassembly.runtime\3.2.0-preview3.20168.1\build\netstandard1.0\..\..\tools\dotnetwasm\bcl\Facades\System.Threading.Tasks.Extensions.dll
C:\Users\Owner\.nuget\packages\microsoft.aspnetcore.components.webassembly.runtime\3.2.0-preview3.20168.1\build\netstandard1.0\..\..\tools\dotnetwasm\bcl\System.Numerics.Vectors.dll
C:\Users\Owner\.nuget\packages\system.text.encodings.web\5.0.0-preview.2.20160.6\lib\netstandard2.1\System.Text.Encodings.Web.dll
C:\Users\Owner\.nuget\packages\markdig\0.20.0\lib\netstandard2.1\Markdig.dll
C:\Users\Owner\.nuget\packages\microsoft.extensions.options\5.0.0-preview.2.20160.3\lib\netstandard2.0\Microsoft.Extensions.Options.dll
C:\Users\Owner\.nuget\packages\microsoft.extensions.primitives\5.0.0-preview.2.20160.3\lib\netstandard2.0\Microsoft.Extensions.Primitives.dll
C:\Users\Owner\.nuget\packages\microsoft.extensions.dependencyinjection.abstractions\5.0.0-preview.2.20160.3\lib\netstandard2.0\Microsoft.Extensions.DependencyInjection.Abstractions.dll
C:\Users\Owner\.nuget\packages\microsoft.aspnetcore.components.forms\3.1.3\lib\netstandard2.0\Microsoft.AspNetCore.Components.Forms.dll
C:\Users\Owner\.nuget\packages\microsoft.aspnetcore.components.webassembly.runtime\3.2.0-preview3.20168.1\build\netstandard1.0\..\..\tools\dotnetwasm\bcl\Facades\System.ComponentModel.Annotations.dll
C:\Users\Owner\.nuget\packages\microsoft.aspnetcore.components.webassembly.runtime\3.2.0-preview3.20168.1\build\netstandard1.0\..\..\tools\dotnetwasm\bcl\System.ComponentModel.DataAnnotations.dll
C:\Users\Owner\.nuget\packages\microsoft.aspnetcore.components\5.0.0-preview.2.20167.3\lib\netstandard2.0\Microsoft.AspNetCore.Components.dll
C:\Users\Owner\.nuget\packages\microsoft.extensions.logging.abstractions\5.0.0-preview.2.20160.3\lib\netstandard2.0\Microsoft.Extensions.Logging.Abstractions.dll
C:\Users\Owner\.nuget\packages\microsoft.aspnetcore.authorization\5.0.0-preview.2.20167.3\lib\netstandard2.0\Microsoft.AspNetCore.Authorization.dll
C:\Users\Owner\.nuget\packages\microsoft.aspnetcore.metadata\5.0.0-preview.2.20167.3\lib\netstandard2.0\Microsoft.AspNetCore.Metadata.dll
C:\Users\Owner\.nuget\packages\microsoft.jsinterop\5.0.0-preview.2.20167.3\lib\netstandard2.0\Microsoft.JSInterop.dll
C:\Users\Owner\source\repos\ISBlazor\BlazorPeliculasSa\Shared\bin\Debug\netstandard2.1\BlazorPeliculasSa.Shared.dll
C:\Users\Owner\.nuget\packages\microsoft.aspnetcore.components.web\3.1.3\lib\netstandard2.0\Microsoft.AspNetCore.Components.Web.dll
C:\Users\Owner\.nuget\packages\microsoft.aspnetcore.components.authorization\5.0.0-preview.2.20167.3\lib\netstandard2.0\Microsoft.AspNetCore.Components.Authorization.dll
C:\Users\Owner\.nuget\packages\tewr.blazor.filereader\1.5.0.20109\lib\netstandard2.0\Blazor.FileReader.dll
C:\Users\Owner\.nuget\packages\microsoft.aspnetcore.components.webassembly\3.2.0-preview3.20168.3\lib\netstandard2.1\Microsoft.AspNetCore.Components.WebAssembly.dll
C:\Users\Owner\.nuget\packages\microsoft.extensions.dependencyinjection\3.1.3\lib\netstandard2.1\Microsoft.Extensions.DependencyInjection.dll
C:\Users\Owner\.nuget\packages\microsoft.extensions.configuration\3.1.2\lib\netstandard2.0\Microsoft.Extensions.Configuration.dll
C:\Users\Owner\.nuget\packages\microsoft.extensions.configuration.abstractions\3.1.2\lib\netstandard2.0\Microsoft.Extensions.Configuration.Abstractions.dll
C:\Users\Owner\.nuget\packages\microsoft.extensions.configuration.json\3.1.2\lib\netstandard2.0\Microsoft.Extensions.Configuration.Json.dll
C:\Users\Owner\.nuget\packages\microsoft.extensions.configuration.fileextensions\3.1.2\lib\netstandard2.0\Microsoft.Extensions.Configuration.FileExtensions.dll
C:\Users\Owner\.nuget\packages\microsoft.extensions.fileproviders.physical\3.1.2\lib\netstandard2.0\Microsoft.Extensions.FileProviders.Physical.dll
C:\Users\Owner\.nuget\packages\microsoft.extensions.filesystemglobbing\3.1.2\lib\netstandard2.0\Microsoft.Extensions.FileSystemGlobbing.dll
C:\Users\Owner\.nuget\packages\microsoft.extensions.fileproviders.abstractions\3.1.2\lib\netstandard2.0\Microsoft.Extensions.FileProviders.Abstractions.dll
C:\Users\Owner\.nuget\packages\microsoft.jsinterop.webassembly\3.2.0-preview3.20168.3\lib\netstandard2.1\Microsoft.JSInterop.WebAssembly.dll
obj\Debug\netstandard2.1\BlazorPeliculasSa.Client.pdb
C:\Users\Owner\source\repos\ISBlazor\BlazorPeliculasSa\Shared\bin\Debug\netstandard2.1\BlazorPeliculasSa.Shared.pdb
